<?xml version="1.0" encoding="UTF-8"?>
<testsuite xmlns:xsi="http://www.w3.org/2001/XMLSchema-instance" xsi:noNamespaceSchemaLocation="https://maven.apache.org/surefire/maven-surefire-plugin/xsd/surefire-test-report-3.0.xsd" version="3.0" name="com.example.TestRunner" time="0.339" tests="5" errors="0" skipped="0" failures="0">
  <properties>
    <property name="java.specification.version" value="21"/>
    <property name="sun.cpu.isalist" value="amd64"/>
    <property name="sun.jnu.encoding" value="Cp1252"/>
    <property name="java.class.path" value="C:\ARTemp\cucumber\cucumber-java-project\target\test-classes;C:\ARTemp\cucumber\cucumber-java-project\target\classes;C:\Users\earas\.m2\repository\io\cucumber\cucumber-java\7.14.0\cucumber-java-7.14.0.jar;C:\Users\earas\.m2\repository\io\cucumber\cucumber-core\7.14.0\cucumber-core-7.14.0.jar;C:\Users\earas\.m2\repository\io\cucumber\cucumber-gherkin\7.14.0\cucumber-gherkin-7.14.0.jar;C:\Users\earas\.m2\repository\io\cucumber\cucumber-gherkin-messages\7.14.0\cucumber-gherkin-messages-7.14.0.jar;C:\Users\earas\.m2\repository\io\cucumber\gherkin\26.2.0\gherkin-26.2.0.jar;C:\Users\earas\.m2\repository\io\cucumber\messages\22.0.0\messages-22.0.0.jar;C:\Users\earas\.m2\repository\io\cucumber\tag-expressions\5.0.6\tag-expressions-5.0.6.jar;C:\Users\earas\.m2\repository\io\cucumber\cucumber-expressions\16.1.2\cucumber-expressions-16.1.2.jar;C:\Users\earas\.m2\repository\io\cucumber\datatable\7.14.0\datatable-7.14.0.jar;C:\Users\earas\.m2\repository\io\cucumber\cucumber-plugin\7.14.0\cucumber-plugin-7.14.0.jar;C:\Users\earas\.m2\repository\io\cucumber\docstring\7.14.0\docstring-7.14.0.jar;C:\Users\earas\.m2\repository\io\cucumber\html-formatter\20.4.0\html-formatter-20.4.0.jar;C:\Users\earas\.m2\repository\io\cucumber\junit-xml-formatter\0.2.0\junit-xml-formatter-0.2.0.jar;C:\Users\earas\.m2\repository\io\cucumber\ci-environment\9.2.0\ci-environment-9.2.0.jar;C:\Users\earas\.m2\repository\org\apiguardian\apiguardian-api\1.1.2\apiguardian-api-1.1.2.jar;C:\Users\earas\.m2\repository\io\cucumber\cucumber-junit\7.14.0\cucumber-junit-7.14.0.jar;C:\Users\earas\.m2\repository\junit\junit\4.13.2\junit-4.13.2.jar;C:\Users\earas\.m2\repository\org\hamcrest\hamcrest-core\1.3\hamcrest-core-1.3.jar;C:\Users\earas\.m2\repository\org\junit\jupiter\junit-jupiter-api\5.10.0\junit-jupiter-api-5.10.0.jar;C:\Users\earas\.m2\repository\org\opentest4j\opentest4j\1.3.0\opentest4j-1.3.0.jar;C:\Users\earas\.m2\repository\org\junit\platform\junit-platform-commons\1.10.0\junit-platform-commons-1.10.0.jar;"/>
    <property name="java.vm.vendor" value="Oracle Corporation"/>
    <property name="sun.arch.data.model" value="64"/>
    <property name="user.variant" value=""/>
    <property name="java.vendor.url" value="https://java.oracle.com/"/>
    <property name="user.timezone" value="Asia/Calcutta"/>
    <property name="os.name" value="Windows 11"/>
    <property name="java.vm.specification.version" value="21"/>
    <property name="sun.java.launcher" value="SUN_STANDARD"/>
    <property name="user.country" value="IN"/>
    <property name="sun.boot.library.path" value="C:\Program Files\Java\jdk-21\bin"/>
    <property name="sun.java.command" value="C:\Windows\Temp\surefire14620350504247463681\surefirebooter-20241219181738661_3.jar C:\Windows\Temp\surefire14620350504247463681 2024-12-19T18-17-37_646-jvmRun1 surefire-20241219181738661_1tmp surefire_0-20241219181738661_2tmp"/>
    <property name="jdk.debug" value="release"/>
    <property name="surefire.test.class.path" value="C:\ARTemp\cucumber\cucumber-java-project\target\test-classes;C:\ARTemp\cucumber\cucumber-java-project\target\classes;C:\Users\earas\.m2\repository\io\cucumber\cucumber-java\7.14.0\cucumber-java-7.14.0.jar;C:\Users\earas\.m2\repository\io\cucumber\cucumber-core\7.14.0\cucumber-core-7.14.0.jar;C:\Users\earas\.m2\repository\io\cucumber\cucumber-gherkin\7.14.0\cucumber-gherkin-7.14.0.jar;C:\Users\earas\.m2\repository\io\cucumber\cucumber-gherkin-messages\7.14.0\cucumber-gherkin-messages-7.14.0.jar;C:\Users\earas\.m2\repository\io\cucumber\gherkin\26.2.0\gherkin-26.2.0.jar;C:\Users\earas\.m2\repository\io\cucumber\messages\22.0.0\messages-22.0.0.jar;C:\Users\earas\.m2\repository\io\cucumber\tag-expressions\5.0.6\tag-expressions-5.0.6.jar;C:\Users\earas\.m2\repository\io\cucumber\cucumber-expressions\16.1.2\cucumber-expressions-16.1.2.jar;C:\Users\earas\.m2\repository\io\cucumber\datatable\7.14.0\datatable-7.14.0.jar;C:\Users\earas\.m2\repository\io\cucumber\cucumber-plugin\7.14.0\cucumber-plugin-7.14.0.jar;C:\Users\earas\.m2\repository\io\cucumber\docstring\7.14.0\docstring-7.14.0.jar;C:\Users\earas\.m2\repository\io\cucumber\html-formatter\20.4.0\html-formatter-20.4.0.jar;C:\Users\earas\.m2\repository\io\cucumber\junit-xml-formatter\0.2.0\junit-xml-formatter-0.2.0.jar;C:\Users\earas\.m2\repository\io\cucumber\ci-environment\9.2.0\ci-environment-9.2.0.jar;C:\Users\earas\.m2\repository\org\apiguardian\apiguardian-api\1.1.2\apiguardian-api-1.1.2.jar;C:\Users\earas\.m2\repository\io\cucumber\cucumber-junit\7.14.0\cucumber-junit-7.14.0.jar;C:\Users\earas\.m2\repository\junit\junit\4.13.2\junit-4.13.2.jar;C:\Users\earas\.m2\repository\org\hamcrest\hamcrest-core\1.3\hamcrest-core-1.3.jar;C:\Users\earas\.m2\repository\org\junit\jupiter\junit-jupiter-api\5.10.0\junit-jupiter-api-5.10.0.jar;C:\Users\earas\.m2\repository\org\opentest4j\opentest4j\1.3.0\opentest4j-1.3.0.jar;C:\Users\earas\.m2\repository\org\junit\platform\junit-platform-commons\1.10.0\junit-platform-commons-1.10.0.jar;"/>
    <property name="sun.cpu.endian" value="little"/>
    <property name="user.home" value="C:\Users\earas"/>
    <property name="user.language" value="en"/>
    <property name="java.specification.vendor" value="Oracle Corporation"/>
    <property name="java.version.date" value="2024-07-16"/>
    <property name="java.home" value="C:\Program Files\Java\jdk-21"/>
    <property name="file.separator" value="\"/>
    <property name="basedir" value="C:\ARTemp\cucumber\cucumber-java-project"/>
    <property name="java.vm.compressedOopsMode" value="Zero based"/>
    <property name="line.separator" value="&#10;"/>
    <property name="java.vm.specification.vendor" value="Oracle Corporation"/>
    <property name="java.specification.name" value="Java Platform API Specification"/>
    <property name="surefire.real.class.path" value="C:\Windows\Temp\surefire14620350504247463681\surefirebooter-20241219181738661_3.jar"/>
    <property name="user.script" value=""/>
    <property name="sun.management.compiler" value="HotSpot 64-Bit Tiered Compilers"/>
    <property name="java.runtime.version" value="21.0.4+8-LTS-274"/>
    <property name="user.name" value="earas"/>
    <property name="stdout.encoding" value="Cp1252"/>
    <property name="path.separator" value=";"/>
    <property name="os.version" value="10.0"/>
    <property name="java.runtime.name" value="Java(TM) SE Runtime Environment"/>
    <property name="file.encoding" value="UTF-8"/>
    <property name="java.vm.name" value="Java HotSpot(TM) 64-Bit Server VM"/>
    <property name="localRepository" value="C:\Users\earas\.m2\repository"/>
    <property name="java.vendor.url.bug" value="https://bugreport.java.com/bugreport/"/>
    <property name="java.io.tmpdir" value="C:\WINDOWS\TEMP\"/>
    <property name="java.version" value="21.0.4"/>
    <property name="user.dir" value="C:\ARTemp\cucumber\cucumber-java-project"/>
    <property name="os.arch" value="amd64"/>
    <property name="java.vm.specification.name" value="Java Virtual Machine Specification"/>
    <property name="sun.os.patch.level" value=""/>
    <property name="native.encoding" value="Cp1252"/>
    <property name="java.library.path" value="C:\Program Files\Java\jdk-21\bin;C:\WINDOWS\Sun\Java\bin;C:\WINDOWS\system32;C:\WINDOWS;C:\Windows\system32;C:\Windows;C:\Windows\System32\Wbem;C:\Windows\System32\WindowsPowerShell\v1.0\;C:\Windows\System32\OpenSSH\;C:\WINDOWS\system32;C:\WINDOWS;C:\WINDOWS\System32\Wbem;C:\WINDOWS\System32\WindowsPowerShell\v1.0\;C:\WINDOWS\System32\OpenSSH\;C:\ProgramData\chocolatey\bin;C:\Program Files\NVIDIA Corporation\NVIDIA NvDLISR;C:\Program Files (x86)\NVIDIA Corporation\PhysX\Common;C:\Program Files\Git\cmd;C:\Program Files (x86)\Windows Kits\10\Windows Performance Toolkit\;C:\Program Files\nodejs\;C:\ARTemp\sqlite-tools-win32-x86-3410200\sqlite3.exe;C:\Program Files (x86)\GnuWin32\bin;C:\MinGW\bin;C:\Users\earas\AppData\Local\Programs\Python\Python311;W:\softwares\apache-maven-3.9.6-bin\apache-maven-3.9.6\bin;C:\Program Files\nodejs\node.exe;C:\Users\earas\AppData\Roaming\npm\node_modules\appium\build\lib\main.js;C:\Users\earas\AppData\Local\Android\Sdk\tools;C:\Users\earas\AppData\Local\Android\Sdk\build-tools;C:\Users\earas\AppData\Local\Android\Sdk\platform-tools;C:\Users\earas\AppData\Local\Android\Sdk\platform;C:\Program Files\Docker\Docker\resources\bin;C:\Program Files\Java\jdk-21\bin;C:\Users\earas\AppData\Local\Microsoft\WindowsApps;C:\Users\earas\AppData\Local\Programs\Microsoft VS Code\bin;C:\Users\earas\AppData\Roaming\npm;C:\Program Files\JetBrains\IntelliJ IDEA Community Edition 2024.1.4\bin;."/>
    <property name="java.vm.info" value="mixed mode, sharing"/>
    <property name="stderr.encoding" value="Cp1252"/>
    <property name="java.vendor" value="Oracle Corporation"/>
    <property name="java.vm.version" value="21.0.4+8-LTS-274"/>
    <property name="sun.io.unicode.encoding" value="UnicodeLittle"/>
    <property name="java.class.version" value="65.0"/>
  </properties>
  <testcase name="Successful login" classname="Testing Cucumber Keywords and Hooks" time="0.087">
    <system-out><![CDATA[
@SmokeTest
Scenario: Successful login               &amp#27;[90m# src/test/resources/features/keywords_and_hooks.feature:9&amp#27;[0m
>> Before Scenario: Setting up the environment
>> Before Smoke Test: Specialized setup for smoke tests
>> Before Step: Setting up for step execution
Application is launched
  &amp#27;[32mGiven &amp#27;[0m&amp#27;[32mThe application is launched&amp#27;[0m      &amp#27;[90m# com.example.StepDefinitions.applicationLaunched()&amp#27;[0m
>> After Step: Cleaning up after step execution
>> Before Step: Setting up for step execution
User is on the login page
  &amp#27;[32mAnd &amp#27;[0m&amp#27;[32mThe user is on the login page&amp#27;[0m      &amp#27;[90m# com.example.StepDefinitions.userOnLoginPage()&amp#27;[0m
>> After Step: Cleaning up after step execution
>> Before Step: Setting up for step execution
Entering a valid username
  &amp#27;[32mGiven &amp#27;[0m&amp#27;[32mThe user enters a valid username&amp#27;[0m &amp#27;[90m# com.example.StepDefinitions.enterValidUsername()&amp#27;[0m
>> After Step: Cleaning up after step execution
>> Before Step: Setting up for step execution
Entering a valid password
  &amp#27;[32mAnd &amp#27;[0m&amp#27;[32mThe user enters a valid password&amp#27;[0m   &amp#27;[90m# com.example.StepDefinitions.enterValidPassword()&amp#27;[0m
>> After Step: Cleaning up after step execution
>> Before Step: Setting up for step execution
Clicking the login button
  &amp#27;[32mWhen &amp#27;[0m&amp#27;[32mThe user clicks the login button&amp#27;[0m  &amp#27;[90m# com.example.StepDefinitions.clickLoginButton()&amp#27;[0m
>> After Step: Cleaning up after step execution
>> Before Step: Setting up for step execution
Verifying the dashboard is displayed
  &amp#27;[32mThen &amp#27;[0m&amp#27;[32mThe user should see the dashboard&amp#27;[0m &amp#27;[90m# com.example.StepDefinitions.verifyDashboard()&amp#27;[0m
>> After Step: Cleaning up after step execution
>> After Scenario: Cleaning up the environment
]]></system-out>
  </testcase>
  <testcase name="Login with invalid credentials" classname="Testing Cucumber Keywords and Hooks" time="0.012">
    <system-out><![CDATA[
Scenario: Login with invalid credentials    &amp#27;[90m# src/test/resources/features/keywords_and_hooks.feature:15&amp#27;[0m
>> Before Scenario: Setting up the environment
>> Before Step: Setting up for step execution
Application is launched
  &amp#27;[32mGiven &amp#27;[0m&amp#27;[32mThe application is launched&amp#27;[0m         &amp#27;[90m# com.example.StepDefinitions.applicationLaunched()&amp#27;[0m
>> After Step: Cleaning up after step execution
>> Before Step: Setting up for step execution
User is on the login page
  &amp#27;[32mAnd &amp#27;[0m&amp#27;[32mThe user is on the login page&amp#27;[0m         &amp#27;[90m# com.example.StepDefinitions.userOnLoginPage()&amp#27;[0m
>> After Step: Cleaning up after step execution
>> Before Step: Setting up for step execution
Entering an invalid username
  &amp#27;[32mGiven &amp#27;[0m&amp#27;[32mThe user enters an invalid username&amp#27;[0m &amp#27;[90m# com.example.StepDefinitions.enterInvalidUsername()&amp#27;[0m
>> After Step: Cleaning up after step execution
>> Before Step: Setting up for step execution
Entering an invalid password
  &amp#27;[32mAnd &amp#27;[0m&amp#27;[32mThe user enters an invalid password&amp#27;[0m   &amp#27;[90m# com.example.StepDefinitions.enterInvalidPassword()&amp#27;[0m
>> After Step: Cleaning up after step execution
>> Before Step: Setting up for step execution
Clicking the login button
  &amp#27;[32mWhen &amp#27;[0m&amp#27;[32mThe user clicks the login button&amp#27;[0m     &amp#27;[90m# com.example.StepDefinitions.clickLoginButton()&amp#27;[0m
>> After Step: Cleaning up after step execution
>> Before Step: Setting up for step execution
Verifying the error message is displayed
  &amp#27;[32mThen &amp#27;[0m&amp#27;[32mThe user should see an error message&amp#27;[0m &amp#27;[90m# com.example.StepDefinitions.verifyErrorMessage()&amp#27;[0m
>> After Step: Cleaning up after step execution
>> After Scenario: Cleaning up the environment
]]></system-out>
  </testcase>
  <testcase name="Login with multiple credentials #1" classname="Testing Cucumber Keywords and Hooks" time="0.023">
    <system-out><![CDATA[
Scenario Outline: Login with multiple credentials &amp#27;[90m# src/test/resources/features/keywords_and_hooks.feature:29&amp#27;[0m
>> Before Scenario: Setting up the environment
>> Before Step: Setting up for step execution
Application is launched
  &amp#27;[32mGiven &amp#27;[0m&amp#27;[32mThe application is launched&amp#27;[0m               &amp#27;[90m# com.example.StepDefinitions.applicationLaunched()&amp#27;[0m
>> After Step: Cleaning up after step execution
>> Before Step: Setting up for step execution
User is on the login page
  &amp#27;[32mAnd &amp#27;[0m&amp#27;[32mThe user is on the login page&amp#27;[0m               &amp#27;[90m# com.example.StepDefinitions.userOnLoginPage()&amp#27;[0m
>> After Step: Cleaning up after step execution
>> Before Step: Setting up for step execution
Entering username: user1
  &amp#27;[32mGiven &amp#27;[0m&amp#27;[32mThe user enters &amp#27;[0m&amp#27;[32m&amp#27;[1m"user1"&amp#27;[0m&amp#27;[32m as username&amp#27;[0m       &amp#27;[90m# com.example.StepDefinitions.enterUsername(java.lang.String)&amp#27;[0m
>> After Step: Cleaning up after step execution
>> Before Step: Setting up for step execution
Entering password: pass1
  &amp#27;[32mAnd &amp#27;[0m&amp#27;[32mThe user enters &amp#27;[0m&amp#27;[32m&amp#27;[1m"pass1"&amp#27;[0m&amp#27;[32m as password&amp#27;[0m         &amp#27;[90m# com.example.StepDefinitions.enterPassword(java.lang.String)&amp#27;[0m
>> After Step: Cleaning up after step execution
>> Before Step: Setting up for step execution
Clicking the login button
  &amp#27;[32mWhen &amp#27;[0m&amp#27;[32mThe user clicks the login button&amp#27;[0m           &amp#27;[90m# com.example.StepDefinitions.clickLoginButton()&amp#27;[0m
>> After Step: Cleaning up after step execution
>> Before Step: Setting up for step execution
Verifying message: dashboard
  &amp#27;[32mThen &amp#27;[0m&amp#27;[32mThe user should see &amp#27;[0m&amp#27;[32m&amp#27;[1m"dashboard"&amp#27;[0m            &amp#27;[90m# com.example.StepDefinitions.verifyMessage(java.lang.String)&amp#27;[0m
>> After Step: Cleaning up after step execution
>> After Scenario: Cleaning up the environment
]]></system-out>
  </testcase>
  <testcase name="Login with multiple credentials #2" classname="Testing Cucumber Keywords and Hooks" time="0.012">
    <system-out><![CDATA[
Scenario Outline: Login with multiple credentials &amp#27;[90m# src/test/resources/features/keywords_and_hooks.feature:30&amp#27;[0m
>> Before Scenario: Setting up the environment
>> Before Step: Setting up for step execution
Application is launched
  &amp#27;[32mGiven &amp#27;[0m&amp#27;[32mThe application is launched&amp#27;[0m               &amp#27;[90m# com.example.StepDefinitions.applicationLaunched()&amp#27;[0m
>> After Step: Cleaning up after step execution
>> Before Step: Setting up for step execution
User is on the login page
  &amp#27;[32mAnd &amp#27;[0m&amp#27;[32mThe user is on the login page&amp#27;[0m               &amp#27;[90m# com.example.StepDefinitions.userOnLoginPage()&amp#27;[0m
>> After Step: Cleaning up after step execution
>> Before Step: Setting up for step execution
Entering username: invalid1
  &amp#27;[32mGiven &amp#27;[0m&amp#27;[32mThe user enters &amp#27;[0m&amp#27;[32m&amp#27;[1m"invalid1"&amp#27;[0m&amp#27;[32m as username&amp#27;[0m    &amp#27;[90m# com.example.StepDefinitions.enterUsername(java.lang.String)&amp#27;[0m
>> After Step: Cleaning up after step execution
>> Before Step: Setting up for step execution
Entering password: invalid1
  &amp#27;[32mAnd &amp#27;[0m&amp#27;[32mThe user enters &amp#27;[0m&amp#27;[32m&amp#27;[1m"invalid1"&amp#27;[0m&amp#27;[32m as password&amp#27;[0m      &amp#27;[90m# com.example.StepDefinitions.enterPassword(java.lang.String)&amp#27;[0m
>> After Step: Cleaning up after step execution
>> Before Step: Setting up for step execution
Clicking the login button
  &amp#27;[32mWhen &amp#27;[0m&amp#27;[32mThe user clicks the login button&amp#27;[0m           &amp#27;[90m# com.example.StepDefinitions.clickLoginButton()&amp#27;[0m
>> After Step: Cleaning up after step execution
>> Before Step: Setting up for step execution
Verifying message: error message
  &amp#27;[32mThen &amp#27;[0m&amp#27;[32mThe user should see &amp#27;[0m&amp#27;[32m&amp#27;[1m"error message"&amp#27;[0m        &amp#27;[90m# com.example.StepDefinitions.verifyMessage(java.lang.String)&amp#27;[0m
>> After Step: Cleaning up after step execution
>> After Scenario: Cleaning up the environment
]]></system-out>
  </testcase>
  <testcase name="Verifying logout functionality" classname="Testing Cucumber Keywords and Hooks" time="0.013">
    <system-out><![CDATA[
@RegressionTest
Scenario: Verifying logout functionality               &amp#27;[90m# src/test/resources/features/keywords_and_hooks.feature:33&amp#27;[0m
>> Before Scenario: Setting up the environment
>> Before Step: Setting up for step execution
Application is launched
  &amp#27;[32mGiven &amp#27;[0m&amp#27;[32mThe application is launched&amp#27;[0m                    &amp#27;[90m# com.example.StepDefinitions.applicationLaunched()&amp#27;[0m
>> After Step: Cleaning up after step execution
>> Before Step: Setting up for step execution
User is on the login page
  &amp#27;[32mAnd &amp#27;[0m&amp#27;[32mThe user is on the login page&amp#27;[0m                    &amp#27;[90m# com.example.StepDefinitions.userOnLoginPage()&amp#27;[0m
>> After Step: Cleaning up after step execution
>> Before Step: Setting up for step execution
User is already logged in
  &amp#27;[32mGiven &amp#27;[0m&amp#27;[32mThe user is logged in&amp#27;[0m                          &amp#27;[90m# com.example.StepDefinitions.userLoggedIn()&amp#27;[0m
>> After Step: Cleaning up after step execution
>> Before Step: Setting up for step execution
Clicking the logout button
  &amp#27;[32mWhen &amp#27;[0m&amp#27;[32mThe user clicks the logout button&amp#27;[0m               &amp#27;[90m# com.example.StepDefinitions.clickLogoutButton()&amp#27;[0m
>> After Step: Cleaning up after step execution
>> Before Step: Setting up for step execution
Verifying redirection to login page
  &amp#27;[32mThen &amp#27;[0m&amp#27;[32mThe user should be redirected to the login page&amp#27;[0m &amp#27;[90m# com.example.StepDefinitions.verifyRedirectToLoginPage()&amp#27;[0m
>> After Step: Cleaning up after step execution
>> After Scenario: Cleaning up the environment
>> After Regression Test: Finalizing regression test tasks
]]></system-out>
  </testcase>
</testsuite>